<?xml version="1.0" encoding="UTF-8"?>
<!-- Generated by org.testng.reporters.JUnitReportReporter -->
<testsuite hostname="IND-NMane2" name="TestCases.Login" tests="1" failures="0" timestamp="2 Apr 2018 06:01:58 GMT" time="11.973" errors="0">
  <testcase name="userLoginMethod" time="11.973" classname="TestCases.Login"/>
</testsuite> <!-- TestCases.Login -->
